[22:17:40] [main/INFO]: Setting user: Player531
[22:17:45] [Client thread/INFO]: LWJGL Version: 2.9.0
[22:17:53] [Client thread/INFO]: Reloading ResourceManager: Default, FMLFileResourcePack:Forge Mod Loader, FMLFileResourcePack:Minecraft Forge, FMLFileResourcePack:Let's mod reboot
[22:17:53] [Sound Library Loader/INFO]: Sound engine started
[22:17:55] [Client thread/INFO]: Created: 512x256 textures/blocks-atlas
[22:17:55] [Client thread/INFO]: Created: 256x256 textures/items-atlas
[22:17:55] [Client thread/INFO]: Reloading ResourceManager: Default, FMLFileResourcePack:Forge Mod Loader, FMLFileResourcePack:Minecraft Forge, FMLFileResourcePack:Let's mod reboot
[22:17:55] [Client thread/INFO]: Created: 512x256 textures/blocks-atlas
[22:17:55] [Client thread/INFO]: Created: 256x256 textures/items-atlas
[22:17:56] [Sound Library Loader/INFO]: Sound engine started
[22:17:57] [MCO Availability Checker #1/ERROR]: Couldn't connect to Realms
[22:18:06] [Server thread/INFO]: Starting integrated minecraft server version 1.7.2
[22:18:06] [Server thread/INFO]: Generating keypair
[22:18:07] [Server thread/INFO]: Converting map!
[22:18:07] [Server thread/INFO]: Scanning folders...
[22:18:07] [Server thread/INFO]: Total conversion count is 0
[22:18:09] [Server thread/INFO]: Preparing start region for level 0
[22:18:10] [Server thread/INFO]: Preparing spawn area: 3%
[22:18:11] [Server thread/INFO]: Preparing spawn area: 7%
[22:18:12] [Server thread/INFO]: Preparing spawn area: 11%
[22:18:13] [Server thread/INFO]: Preparing spawn area: 18%
[22:18:14] [Server thread/INFO]: Preparing spawn area: 25%
[22:18:15] [Server thread/INFO]: Preparing spawn area: 34%
[22:18:16] [Server thread/INFO]: Preparing spawn area: 40%
[22:18:17] [Server thread/INFO]: Preparing spawn area: 46%
[22:18:18] [Server thread/INFO]: Preparing spawn area: 55%
[22:18:19] [Server thread/INFO]: Preparing spawn area: 60%
[22:18:20] [Server thread/INFO]: Preparing spawn area: 65%
[22:18:21] [Server thread/INFO]: Preparing spawn area: 69%
[22:18:22] [Server thread/INFO]: Preparing spawn area: 73%
[22:18:23] [Server thread/INFO]: Preparing spawn area: 78%
[22:18:24] [Server thread/INFO]: Preparing spawn area: 83%
[22:18:25] [Server thread/INFO]: Preparing spawn area: 88%
[22:18:26] [Server thread/INFO]: Preparing spawn area: 91%
[22:18:27] [Server thread/INFO]: Preparing spawn area: 95%
[22:18:29] [Server thread/INFO]: Player531[local:E:6cc729b2] logged in with entity id 256 at (142.5, 71.0, 252.5)
[22:18:29] [Server thread/INFO]: Player531 joined the game
[22:18:32] [Server thread/INFO]: Saving and pausing game...
[22:18:32] [Server thread/INFO]: Saving chunks for level 'Test'/Overworld
[22:18:38] [Server thread/INFO]: Saving chunks for level 'Test'/Nether
[22:18:38] [Server thread/INFO]: Saving chunks for level 'Test'/The End
[22:18:38] [Server thread/WARN]: Can't keep up! Did the system time change, or is the server overloaded? Running 9084ms behind, skipping 181 tick(s)
[22:22:04] [Server thread/INFO]: Saving and pausing game...
[22:22:04] [Server thread/INFO]: Saving chunks for level 'Test'/Overworld
[22:22:06] [Server thread/INFO]: Saving chunks for level 'Test'/Nether
[22:22:06] [Server thread/INFO]: Saving chunks for level 'Test'/The End
[22:24:47] [Client thread/INFO]: Stopping!
[22:24:47] [Server thread/INFO]: Stopping server
[22:24:47] [Server thread/INFO]: Saving players
[22:24:47] [Server thread/INFO]: Saving worlds
[22:24:47] [Server thread/INFO]: Saving chunks for level 'Test'/Overworld
[22:24:47] [Server thread/INFO]: Saving chunks for level 'Test'/Nether
[22:24:47] [Server thread/INFO]: Saving chunks for level 'Test'/The End
[22:24:53] [main/INFO]: Setting user: nielsx25
[22:24:55] [Client thread/INFO]: LWJGL Version: 2.9.0
[22:25:03] [Client thread/INFO]: Reloading ResourceManager: Default, FMLFileResourcePack:Forge Mod Loader, FMLFileResourcePack:Minecraft Forge, FMLFileResourcePack:Let's mod reboot
[22:25:04] [Sound Library Loader/INFO]: Sound engine started
[22:25:05] [Client thread/INFO]: Created: 512x256 textures/blocks-atlas
[22:25:05] [Client thread/INFO]: Created: 256x256 textures/items-atlas
[22:25:05] [Client thread/INFO]: Reloading ResourceManager: Default, FMLFileResourcePack:Forge Mod Loader, FMLFileResourcePack:Minecraft Forge, FMLFileResourcePack:Let's mod reboot
[22:25:06] [Client thread/INFO]: Created: 512x256 textures/blocks-atlas
[22:25:06] [Client thread/INFO]: Created: 256x256 textures/items-atlas
[22:25:07] [Sound Library Loader/INFO]: Sound engine started
[22:25:09] [MCO Availability Checker #1/ERROR]: Couldn't connect to Realms
[22:25:30] [Client thread/INFO]: Stopping!
